<?xml version="1.0" encoding="UTF-8"?>
<testsuite name="TestForLoop" tests="2" skipped="0" failures="0" errors="0" timestamp="2022-05-13T15:40:05" hostname="PC" time="0.014">
  <properties/>
  <testcase name="testIterateOverDateRange" classname="TestForLoop" time="0.013"/>
  <testcase name="testIterateOverEmptyRange" classname="TestForLoop" time="0.0"/>
  <system-out><![CDATA[]]></system-out>
  <system-err><![CDATA[]]></system-err>
</testsuite>
