<?xml version="1.0" encoding="UTF-8"?>
<testsuite name="TestDataClasses" tests="2" skipped="0" failures="0" errors="0" timestamp="2022-05-13T05:51:54" hostname="PC" time="0.023">
  <properties/>
  <testcase name="testComparePeople" classname="TestDataClasses" time="0.005"/>
  <testcase name="testListOfPeople" classname="TestDataClasses" time="0.018"/>
  <system-out><![CDATA[]]></system-out>
  <system-err><![CDATA[]]></system-err>
</testsuite>
